<?xml version="1.0" encoding="UTF-8"?>
<!-- Generated by org.testng.reporters.JUnitReportReporter -->
<testsuite hostname="vinodhpc" failures="0" tests="1" name="com.testcode.WikipediaSearchTest" time="8.690" errors="0" timestamp="2025-07-25T07:40:11 IST" skipped="0">
  <testcase classname="com.testcode.WikipediaSearchTest" name="C23_testSearchSeleniumOnWikipedia" time="8.690"/>
</testsuite> <!-- com.testcode.WikipediaSearchTest -->
