<?xml version="1.0" encoding="UTF-8"?>
<!-- Generated by org.testng.reporters.JUnitReportReporter -->
<testsuite hostname="vinodhpc" failures="0" tests="4" name="com.testcode.RestAssuredTest" time="5.331" errors="0" timestamp="2025-07-25T07:40:11 IST" skipped="0">
  <testcase classname="com.testcode.RestAssuredTest" name="C24_testGetPeopleEndpoint" time="4.969"/>
  <testcase classname="com.testcode.RestAssuredTest" name="C25_testPostPeopleEndpoint" time="0.191"/>
  <testcase classname="com.testcode.RestAssuredTest" name="C26_testUpdatePeopleEndpoint" time="0.128"/>
  <testcase classname="com.testcode.RestAssuredTest" name="C27_testDeletePeopleEndpoint" time="0.043"/>
</testsuite> <!-- com.testcode.RestAssuredTest -->
