<?xml version="1.0" encoding="UTF-8"?>
<!-- Generated by org.testng.reporters.JUnitReportReporter -->
<testsuite hostname="vinodhpc" failures="0" tests="1" name="com.testcode.GoogleTest" time="4.757" errors="0" timestamp="2025-07-25T07:40:11 IST" skipped="0">
  <testcase classname="com.testcode.GoogleTest" name="C22_testGoogleTitle" time="4.757"/>
</testsuite> <!-- com.testcode.GoogleTest -->
