<?xml version="1.0" encoding="UTF-8"?>
<!-- Generated by org.testng.reporters.JUnitReportReporter -->
<testsuite hostname="vinodhpc" failures="0" tests="4" name="com.testcode.RestAssuredTest" time="5.668" errors="0" timestamp="2025-07-24T22:02:18 IST" skipped="0">
  <testcase classname="com.testcode.RestAssuredTest" name="C24_testGetPeopleEndpoint" time="5.218"/>
  <testcase classname="com.testcode.RestAssuredTest" name="C25_testPostPeopleEndpoint" time="0.237"/>
  <testcase classname="com.testcode.RestAssuredTest" name="C26_testUpdatePeopleEndpoint" time="0.138"/>
  <testcase classname="com.testcode.RestAssuredTest" name="C27_testDeletePeopleEndpoint" time="0.075"/>
</testsuite> <!-- com.testcode.RestAssuredTest -->
