<?xml version="1.0" encoding="UTF-8"?>
<!-- Generated by org.testng.reporters.JUnitReportReporter -->
<testsuite hostname="vinodhpc" failures="0" tests="4" name="com.testcode.RestAssuredTest" time="4.655" errors="0" timestamp="2025-07-24T21:20:15 IST" skipped="0">
  <testcase classname="com.testcode.RestAssuredTest" name="testGetPeopleEndpoint" time="4.251"/>
  <testcase classname="com.testcode.RestAssuredTest" name="testPostPeopleEndpoint" time="0.215"/>
  <testcase classname="com.testcode.RestAssuredTest" name="testUpdatePeopleEndpoint" time="0.129"/>
  <testcase classname="com.testcode.RestAssuredTest" name="testDeletePeopleEndpoint" time="0.060"/>
</testsuite> <!-- com.testcode.RestAssuredTest -->
