<?xml version="1.0" encoding="UTF-8"?>
<!-- Generated by org.testng.reporters.JUnitReportReporter -->
<testsuite hostname="vinodhpc" failures="0" tests="12" name="com.testcode.DataDrivenExcelTest" time="0.030" errors="0" timestamp="2025-07-23T08:28:22 IST" skipped="0">
  <testcase classname="com.testcode.DataDrivenExcelTest" name="C21_testDivision" time="0.001"/>
  <testcase classname="com.testcode.DataDrivenExcelTest" name="C18_testAddition" time="0.004"/>
  <testcase classname="com.testcode.DataDrivenExcelTest" name="C20_testMultiplication" time="0.004"/>
  <testcase classname="com.testcode.DataDrivenExcelTest" name="C20_testMultiplication" time="0.002"/>
  <testcase classname="com.testcode.DataDrivenExcelTest" name="C18_testAddition" time="0.002"/>
  <testcase classname="com.testcode.DataDrivenExcelTest" name="C20_testMultiplication" time="0.001"/>
  <testcase classname="com.testcode.DataDrivenExcelTest" name="C21_testDivision" time="0.001"/>
  <testcase classname="com.testcode.DataDrivenExcelTest" name="C21_testDivision" time="0.001"/>
  <testcase classname="com.testcode.DataDrivenExcelTest" name="C19_testSubtraction" time="0.002"/>
  <testcase classname="com.testcode.DataDrivenExcelTest" name="C19_testSubtraction" time="0.001"/>
  <testcase classname="com.testcode.DataDrivenExcelTest" name="C18_testAddition" time="0.010"/>
  <testcase classname="com.testcode.DataDrivenExcelTest" name="C19_testSubtraction" time="0.001"/>
</testsuite> <!-- com.testcode.DataDrivenExcelTest -->
