<?xml version="1.0" encoding="UTF-8"?>
<!-- Generated by org.testng.reporters.JUnitReportReporter -->
<testsuite hostname="vinodhpc" failures="0" tests="1" name="com.testcode.GoogleTest" time="4.779" errors="0" timestamp="2025-07-24T21:20:15 IST" skipped="0">
  <testcase classname="com.testcode.GoogleTest" name="testGoogleTitle" time="4.779"/>
</testsuite> <!-- com.testcode.GoogleTest -->
